<?xml version="1.0" encoding="utf-8"?><testsuites><testsuite name="pytest" errors="0" failures="0" skipped="0" tests="19" time="0.231" timestamp="2025-09-16T16:55:49.001155" hostname="kirill.rs25"><testcase classname="api_to_api.test_api_to_api_e2e.TestAPIToAPI" name="test_successful_api_to_api_stream" time="0.061" /><testcase classname="api_to_api.test_api_to_api_e2e.TestAPIToAPI" name="test_api_to_api_with_rate_limiting" time="0.003" /><testcase classname="api_to_api.test_api_to_api_e2e.TestAPIToAPI" name="test_api_to_api_with_transformation_errors" time="0.003" /><testcase classname="api_to_api.test_api_to_api_e2e.TestAPIToAPI" name="test_api_to_api_incremental_sync" time="0.004" /><testcase classname="api_to_api.test_api_to_api_e2e.TestAPIToAPI" name="test_api_to_api_config_validation" time="0.001" /><testcase classname="api_to_api.test_api_to_api_e2e.TestAPIToAPI" name="test_api_to_api_wise_sevdesk_pattern" time="0.002" /><testcase classname="api_to_db.test_api_to_db_e2e.TestAPIToDatabase" name="test_successful_api_to_db_stream" time="0.020" /><testcase classname="api_to_db.test_api_to_db_e2e.TestAPIToDatabase" name="test_api_to_db_with_api_errors" time="0.003" /><testcase classname="api_to_db.test_api_to_db_e2e.TestAPIToDatabase" name="test_api_to_db_with_data_transformations" time="0.002" /><testcase classname="api_to_db.test_api_to_db_e2e.TestAPIToDatabase" name="test_api_to_db_incremental_sync" time="0.005" /><testcase classname="api_to_db.test_api_to_db_e2e.TestAPIToDatabase" name="test_api_to_db_config_validation" time="0.001" /><testcase classname="db_to_api.test_db_to_api_e2e.TestDatabaseToAPI" name="test_successful_db_to_api_stream" time="0.003" /><testcase classname="db_to_api.test_db_to_api_e2e.TestDatabaseToAPI" name="test_db_to_api_with_api_errors" time="0.002" /><testcase classname="db_to_api.test_db_to_api_e2e.TestDatabaseToAPI" name="test_db_to_api_with_transformations" time="0.002" /><testcase classname="db_to_api.test_db_to_api_e2e.TestDatabaseToAPI" name="test_db_to_api_config_validation" time="0.001" /><testcase classname="db_to_db.test_db_to_db_e2e.TestDatabaseToDatabase" name="test_successful_db_to_db_stream" time="0.003" /><testcase classname="db_to_db.test_db_to_db_e2e.TestDatabaseToDatabase" name="test_db_to_db_with_schema_differences" time="0.002" /><testcase classname="db_to_db.test_db_to_db_e2e.TestDatabaseToDatabase" name="test_db_to_db_incremental_sync" time="0.005" /><testcase classname="db_to_db.test_db_to_db_e2e.TestDatabaseToDatabase" name="test_db_to_db_config_validation" time="0.020" /></testsuite></testsuites>