<?xml version="1.0" encoding="utf-8"?><testsuites><testsuite name="pytest" errors="0" failures="6" skipped="0" tests="6" time="0.043" timestamp="2025-09-16T16:54:24.210288" hostname="kirill.rs25"><testcase classname="test_comprehensive_edge_cases_e2e.TestComprehensiveEdgeCasesE2E" name="test_cascading_failure_scenario" time="0.002"><failure message="TypeError: Pipeline.__init__() missing 2 required positional arguments: 'source_config' and 'destination_config'">test_comprehensive_edge_cases_e2e.py:218: in test_cascading_failure_scenario
    pipeline = Pipeline(
E   TypeError: Pipeline.__init__() missing 2 required positional arguments: 'source_config' and 'destination_config'</failure></testcase><testcase classname="test_comprehensive_edge_cases_e2e.TestComprehensiveEdgeCasesE2E" name="test_extreme_data_volume_processing" time="0.002"><failure message="TypeError: Pipeline.__init__() missing 2 required positional arguments: 'source_config' and 'destination_config'">test_comprehensive_edge_cases_e2e.py:305: in test_extreme_data_volume_processing
    pipeline = Pipeline(
E   TypeError: Pipeline.__init__() missing 2 required positional arguments: 'source_config' and 'destination_config'</failure></testcase><testcase classname="test_comprehensive_edge_cases_e2e.TestComprehensiveEdgeCasesE2E" name="test_mixed_failure_mode_recovery" time="0.002"><failure message="TypeError: Pipeline.__init__() missing 2 required positional arguments: 'source_config' and 'destination_config'">test_comprehensive_edge_cases_e2e.py:396: in test_mixed_failure_mode_recovery
    pipeline = Pipeline(
E   TypeError: Pipeline.__init__() missing 2 required positional arguments: 'source_config' and 'destination_config'</failure></testcase><testcase classname="test_comprehensive_edge_cases_e2e.TestComprehensiveEdgeCasesE2E" name="test_resource_exhaustion_graceful_degradation" time="0.001"><failure message="TypeError: Pipeline.__init__() missing 2 required positional arguments: 'source_config' and 'destination_config'">test_comprehensive_edge_cases_e2e.py:485: in test_resource_exhaustion_graceful_degradation
    pipeline = Pipeline(
E   TypeError: Pipeline.__init__() missing 2 required positional arguments: 'source_config' and 'destination_config'</failure></testcase><testcase classname="test_comprehensive_edge_cases_e2e.TestComprehensiveEdgeCasesE2E" name="test_end_to_end_chaos_engineering" time="0.002"><failure message="TypeError: Pipeline.__init__() missing 2 required positional arguments: 'source_config' and 'destination_config'">test_comprehensive_edge_cases_e2e.py:583: in test_end_to_end_chaos_engineering
    pipeline = Pipeline(
E   TypeError: Pipeline.__init__() missing 2 required positional arguments: 'source_config' and 'destination_config'</failure></testcase><testcase classname="test_comprehensive_edge_cases_e2e.TestComprehensiveEdgeCasesE2E" name="test_long_running_stability" time="0.001"><failure message="TypeError: Pipeline.__init__() missing 2 required positional arguments: 'source_config' and 'destination_config'">test_comprehensive_edge_cases_e2e.py:673: in test_long_running_stability
    pipeline = Pipeline(
E   TypeError: Pipeline.__init__() missing 2 required positional arguments: 'source_config' and 'destination_config'</failure></testcase></testsuite></testsuites>