<?xml version="1.0" encoding="utf-8"?><testsuites><testsuite name="pytest" errors="0" failures="0" skipped="0" tests="6" time="0.119" timestamp="2025-09-16T18:02:07.940538" hostname="kirill.rs25"><testcase classname="test_data_quality_e2e.TestDataQualityE2E" name="test_schema_drift_detection_and_handling" time="0.005" /><testcase classname="test_data_quality_e2e.TestDataQualityE2E" name="test_data_type_coercion_and_validation" time="0.004" /><testcase classname="test_data_quality_e2e.TestDataQualityE2E" name="test_corrupt_and_malformed_data_handling" time="0.003" /><testcase classname="test_data_quality_e2e.TestDataQualityE2E" name="test_complex_nested_data_validation" time="0.003" /><testcase classname="test_data_quality_e2e.TestDataQualityE2E" name="test_schema_compatibility_modes" time="0.005" /><testcase classname="test_data_quality_e2e.TestDataQualityE2E" name="test_data_lineage_tracking" time="0.003" /></testsuite></testsuites>