<?xml version="1.0" encoding="utf-8"?><testsuites><testsuite name="pytest" errors="0" failures="0" skipped="0" tests="7" time="0.112" timestamp="2025-09-16T17:32:59.303449" hostname="kirill.rs25"><testcase classname="test_fault_tolerance_e2e.TestFaultToleranceE2E" name="test_circuit_breaker_activation" time="0.005" /><testcase classname="test_fault_tolerance_e2e.TestFaultToleranceE2E" name="test_retry_exhaustion_and_dlq" time="0.003" /><testcase classname="test_fault_tolerance_e2e.TestFaultToleranceE2E" name="test_partial_batch_failure_recovery" time="0.003" /><testcase classname="test_fault_tolerance_e2e.TestFaultToleranceE2E" name="test_cascading_failure_isolation" time="0.003" /><testcase classname="test_fault_tolerance_e2e.TestFaultToleranceE2E" name="test_checkpoint_corruption_recovery" time="0.003" /><testcase classname="test_fault_tolerance_e2e.TestFaultToleranceE2E" name="test_resource_exhaustion_handling" time="0.010" /><testcase classname="test_fault_tolerance_e2e.TestFaultToleranceE2E" name="test_concurrent_pipeline_conflict_resolution" time="0.005" /></testsuite></testsuites>