<?xml version="1.0" encoding="utf-8"?><testsuites><testsuite name="pytest" errors="0" failures="6" skipped="0" tests="6" time="0.062" timestamp="2025-09-16T16:54:23.860209" hostname="kirill.rs25"><testcase classname="test_network_resilience_e2e.TestNetworkResilienceE2E" name="test_connection_failure_recovery" time="0.002"><failure message="TypeError: Pipeline.__init__() missing 2 required positional arguments: 'source_config' and 'destination_config'">test_network_resilience_e2e.py:259: in test_connection_failure_recovery
    pipeline = Pipeline(
E   TypeError: Pipeline.__init__() missing 2 required positional arguments: 'source_config' and 'destination_config'</failure></testcase><testcase classname="test_network_resilience_e2e.TestNetworkResilienceE2E" name="test_network_partition_handling" time="0.002"><failure message="TypeError: Pipeline.__init__() missing 2 required positional arguments: 'source_config' and 'destination_config'">test_network_resilience_e2e.py:348: in test_network_partition_handling
    pipeline = Pipeline(
E   TypeError: Pipeline.__init__() missing 2 required positional arguments: 'source_config' and 'destination_config'</failure></testcase><testcase classname="test_network_resilience_e2e.TestNetworkResilienceE2E" name="test_ssl_tls_certificate_issues" time="0.001"><failure message="TypeError: Pipeline.__init__() missing 2 required positional arguments: 'source_config' and 'destination_config'">test_network_resilience_e2e.py:441: in test_ssl_tls_certificate_issues
    pipeline = Pipeline(
E   TypeError: Pipeline.__init__() missing 2 required positional arguments: 'source_config' and 'destination_config'</failure></testcase><testcase classname="test_network_resilience_e2e.TestNetworkResilienceE2E" name="test_dns_resolution_failures" time="0.002"><failure message="TypeError: Pipeline.__init__() missing 2 required positional arguments: 'source_config' and 'destination_config'">test_network_resilience_e2e.py:528: in test_dns_resolution_failures
    pipeline = Pipeline(
E   TypeError: Pipeline.__init__() missing 2 required positional arguments: 'source_config' and 'destination_config'</failure></testcase><testcase classname="test_network_resilience_e2e.TestNetworkResilienceE2E" name="test_bandwidth_and_rate_limiting" time="0.001"><failure message="TypeError: Pipeline.__init__() missing 2 required positional arguments: 'source_config' and 'destination_config'">test_network_resilience_e2e.py:619: in test_bandwidth_and_rate_limiting
    pipeline = Pipeline(
E   TypeError: Pipeline.__init__() missing 2 required positional arguments: 'source_config' and 'destination_config'</failure></testcase><testcase classname="test_network_resilience_e2e.TestNetworkResilienceE2E" name="test_intermittent_connectivity_patterns" time="0.001"><failure message="TypeError: Pipeline.__init__() missing 2 required positional arguments: 'source_config' and 'destination_config'">test_network_resilience_e2e.py:711: in test_intermittent_connectivity_patterns
    pipeline = Pipeline(
E   TypeError: Pipeline.__init__() missing 2 required positional arguments: 'source_config' and 'destination_config'</failure></testcase></testsuite></testsuites>