<?xml version="1.0" encoding="utf-8"?><testsuites><testsuite name="pytest" errors="0" failures="0" skipped="0" tests="6" time="0.095" timestamp="2025-09-16T18:07:44.660895" hostname="kirill.rs25"><testcase classname="test_performance_e2e.TestPerformanceE2E" name="test_large_dataset_processing" time="0.005" /><testcase classname="test_performance_e2e.TestPerformanceE2E" name="test_backpressure_handling" time="0.003" /><testcase classname="test_performance_e2e.TestPerformanceE2E" name="test_concurrent_stream_processing" time="0.003" /><testcase classname="test_performance_e2e.TestPerformanceE2E" name="test_memory_pressure_adaptation" time="0.003" /><testcase classname="test_performance_e2e.TestPerformanceE2E" name="test_throughput_optimization" time="0.003" /><testcase classname="test_performance_e2e.TestPerformanceE2E" name="test_degraded_performance_handling" time="0.003" /></testsuite></testsuites>