<?xml version="1.0" encoding="utf-8"?><testsuites><testsuite name="pytest" errors="0" failures="0" skipped="0" tests="4" time="0.139" timestamp="2025-09-16T16:43:42.777219" hostname="kirill.rs25"><testcase classname="db_to_db.test_db_to_db_e2e.TestDatabaseToDatabase" name="test_successful_db_to_db_stream" time="0.023" /><testcase classname="db_to_db.test_db_to_db_e2e.TestDatabaseToDatabase" name="test_db_to_db_with_schema_differences" time="0.002" /><testcase classname="db_to_db.test_db_to_db_e2e.TestDatabaseToDatabase" name="test_db_to_db_incremental_sync" time="0.004" /><testcase classname="db_to_db.test_db_to_db_e2e.TestDatabaseToDatabase" name="test_db_to_db_config_validation" time="0.002" /></testsuite></testsuites>