<?xml version="1.0" encoding="utf-8"?><testsuites><testsuite name="pytest" errors="0" failures="5" skipped="0" tests="5" time="0.256" timestamp="2025-09-16T16:54:23.936762" hostname="kirill.rs25"><testcase classname="test_state_management_e2e.TestStateManagementE2E" name="test_corrupted_checkpoint_recovery" time="0.003"><failure message="TypeError: Pipeline.__init__() missing 2 required positional arguments: 'source_config' and 'destination_config'">test_state_management_e2e.py:275: in test_corrupted_checkpoint_recovery
    pipeline = Pipeline(
E   TypeError: Pipeline.__init__() missing 2 required positional arguments: 'source_config' and 'destination_config'</failure></testcase><testcase classname="test_state_management_e2e.TestStateManagementE2E" name="test_concurrent_state_access" time="0.204"><failure message="TypeError: Pipeline.__init__() missing 2 required positional arguments: 'source_config' and 'destination_config'">test_state_management_e2e.py:371: in test_concurrent_state_access
    pipeline = Pipeline(
E   TypeError: Pipeline.__init__() missing 2 required positional arguments: 'source_config' and 'destination_config'</failure></testcase><testcase classname="test_state_management_e2e.TestStateManagementE2E" name="test_incremental_sync_edge_cases" time="0.003"><failure message="TypeError: Pipeline.__init__() missing 2 required positional arguments: 'source_config' and 'destination_config'">test_state_management_e2e.py:474: in test_incremental_sync_edge_cases
    pipeline = Pipeline(
E   TypeError: Pipeline.__init__() missing 2 required positional arguments: 'source_config' and 'destination_config'</failure></testcase><testcase classname="test_state_management_e2e.TestStateManagementE2E" name="test_state_migration_and_versioning" time="0.003"><failure message="TypeError: Pipeline.__init__() missing 2 required positional arguments: 'source_config' and 'destination_config'">test_state_management_e2e.py:582: in test_state_migration_and_versioning
    pipeline = Pipeline(
E   TypeError: Pipeline.__init__() missing 2 required positional arguments: 'source_config' and 'destination_config'</failure></testcase><testcase classname="test_state_management_e2e.TestStateManagementE2E" name="test_checkpoint_frequency_optimization" time="0.002"><failure message="TypeError: Pipeline.__init__() missing 2 required positional arguments: 'source_config' and 'destination_config'">test_state_management_e2e.py:674: in test_checkpoint_frequency_optimization
    pipeline = Pipeline(
E   TypeError: Pipeline.__init__() missing 2 required positional arguments: 'source_config' and 'destination_config'</failure></testcase></testsuite></testsuites>